app/build/outputs/logs/manifest-merger-debug-report.txt
-- Merging decision tree log ---
manifest
ADDED from AndroidManifest.xml:2:1
	package
		ADDED from AndroidManifest.xml:3:5
		INJECTED from AndroidManifest.xml:0:0
		INJECTED from AndroidManifest.xml:0:0
	android:versionName
		ADDED from AndroidManifest.xml:5:5
	android:versionCode
		ADDED from AndroidManifest.xml:4:5
		INJECTED from AndroidManifest.xml:0:0
		INJECTED from AndroidManifest.xml:0:0
	xmlns:android
		ADDED from AndroidManifest.xml:2:11
uses-sdk
ADDED from AndroidManifest.xml:7:5
MERGED from com.android.support:support-v4:22.2.0:20:5
MERGED from com.android.support:appcompat-v7:22.2.0:20:5
MERGED from com.android.support:support-v4:22.2.0:20:5
MERGED from com.github.manuelpeinado.fadingactionbar:fadingactionbar:3.1.2:4:5
	android:targetSdkVersion
		ADDED from AndroidManifest.xml:9:9
		INJECTED from AndroidManifest.xml:0:0
		INJECTED from AndroidManifest.xml:0:0
	android:minSdkVersion
		ADDED from AndroidManifest.xml:8:9
		INJECTED from AndroidManifest.xml:0:0
		INJECTED from AndroidManifest.xml:0:0
uses-permission#android.permission.READ_SMS
ADDED from AndroidManifest.xml:13:5
	android:name
		ADDED from AndroidManifest.xml:13:22
uses-permission#android.permission.RECEIVE_SMS
ADDED from AndroidManifest.xml:14:5
	android:name
		ADDED from AndroidManifest.xml:14:22
uses-permission#android.permission.BAIDU_LOCATION_SERVICE
ADDED from AndroidManifest.xml:15:5
	android:name
		ADDED from AndroidManifest.xml:15:22
uses-permission#android.permission.ACCESS_NETWORK_STATE
ADDED from AndroidManifest.xml:16:5
	android:name
		ADDED from AndroidManifest.xml:16:22
uses-permission#android.permission.ACCESS_COARSE_LOCATION
ADDED from AndroidManifest.xml:17:5
	android:name
		ADDED from AndroidManifest.xml:17:22
uses-permission#android.permission.MOUNT_UNMOUNT_FILESYSTEMS
ADDED from AndroidManifest.xml:20:5
	android:name
		ADDED from AndroidManifest.xml:20:22
uses-permission#android.permission.VIBRATE
ADDED from AndroidManifest.xml:21:5
	android:name
		ADDED from AndroidManifest.xml:21:22
uses-permission#android.permission.INTERACT_ACROSS_USERS_FULL
ADDED from AndroidManifest.xml:22:5
	android:name
		ADDED from AndroidManifest.xml:22:22
uses-permission#android.permission.FLASHLIGHT
ADDED from AndroidManifest.xml:23:5
	android:name
		ADDED from AndroidManifest.xml:23:22
uses-permission#android.permission.CAMERA
ADDED from AndroidManifest.xml:24:5
	android:name
		ADDED from AndroidManifest.xml:24:22
uses-feature#android.hardware.camera.autofocus
ADDED from AndroidManifest.xml:26:5
	android:name
		ADDED from AndroidManifest.xml:26:19
uses-feature#android.hardware.camera
ADDED from AndroidManifest.xml:27:5
	android:name
		ADDED from AndroidManifest.xml:27:19
uses-permission#android.permission.GET_ACCOUNTS
ADDED from AndroidManifest.xml:29:5
	android:name
		ADDED from AndroidManifest.xml:29:22
uses-permission#android.permission.USE_CREDENTIALS
ADDED from AndroidManifest.xml:30:5
	android:name
		ADDED from AndroidManifest.xml:30:22
uses-permission#android.permission.MANAGE_ACCOUNTS
ADDED from AndroidManifest.xml:31:5
	android:name
		ADDED from AndroidManifest.xml:31:22
uses-permission#android.permission.AUTHENTICATE_ACCOUNTS
ADDED from AndroidManifest.xml:32:5
	android:name
		ADDED from AndroidManifest.xml:32:22
uses-permission#com.android.launcher.permission.READ_SETTINGS
ADDED from AndroidManifest.xml:33:5
	android:name
		ADDED from AndroidManifest.xml:33:22
uses-permission#android.permission.CHANGE_WIFI_STATE
ADDED from AndroidManifest.xml:34:5
	android:name
		ADDED from AndroidManifest.xml:34:22
uses-permission#android.permission.ACCESS_WIFI_STATE
ADDED from AndroidManifest.xml:35:5
	android:name
		ADDED from AndroidManifest.xml:35:22
uses-permission#android.permission.READ_PHONE_STATE
ADDED from AndroidManifest.xml:36:5
	android:name
		ADDED from AndroidManifest.xml:36:22
uses-permission#android.permission.WRITE_EXTERNAL_STORAGE
ADDED from AndroidManifest.xml:37:5
	android:name
		ADDED from AndroidManifest.xml:37:22
uses-permission#android.permission.BROADCAST_STICKY
ADDED from AndroidManifest.xml:38:5
	android:name
		ADDED from AndroidManifest.xml:38:22
uses-permission#android.permission.WRITE_SETTINGS
ADDED from AndroidManifest.xml:39:5
	android:name
		ADDED from AndroidManifest.xml:39:22
uses-permission#android.permission.RECORD_AUDIO
ADDED from AndroidManifest.xml:40:5
	android:name
		ADDED from AndroidManifest.xml:40:22
uses-permission#android.permission.INTERNET
ADDED from AndroidManifest.xml:41:5
	android:name
		ADDED from AndroidManifest.xml:41:22
uses-permission#android.permission.MODIFY_AUDIO_SETTINGS
ADDED from AndroidManifest.xml:42:5
	android:name
		ADDED from AndroidManifest.xml:42:22
uses-permission#android.permission.WRITE_INTERNAL_STORAGE
ADDED from AndroidManifest.xml:43:5
	android:name
		ADDED from AndroidManifest.xml:43:22
uses-permission#android.permission.READ_EXTERNAL_STORAGE
ADDED from AndroidManifest.xml:44:5
	android:name
		ADDED from AndroidManifest.xml:44:22
uses-permission#android.permission.CALL_PHONE
ADDED from AndroidManifest.xml:45:5
	android:name
		ADDED from AndroidManifest.xml:45:22
supports-screens
ADDED from AndroidManifest.xml:48:5
	android:largeScreens
		ADDED from AndroidManifest.xml:50:9
	android:smallScreens
		ADDED from AndroidManifest.xml:52:9
	android:normalScreens
		ADDED from AndroidManifest.xml:51:9
	android:xlargeScreens
		ADDED from AndroidManifest.xml:53:9
	android:anyDensity
		ADDED from AndroidManifest.xml:49:9
application
ADDED from AndroidManifest.xml:55:5
MERGED from com.android.support:support-v4:22.2.0:22:5
MERGED from com.android.support:appcompat-v7:22.2.0:22:5
MERGED from com.android.support:support-v4:22.2.0:22:5
MERGED from com.github.manuelpeinado.fadingactionbar:fadingactionbar:3.1.2:6:5
	android:label
		ADDED from AndroidManifest.xml:60:9
	xmlns:tools
		ADDED from com.github.manuelpeinado.fadingactionbar:fadingactionbar:3.1.2:6:18
	android:hardwareAccelerated
		ADDED from AndroidManifest.xml:58:9
	tools:ignore
		ADDED from com.github.manuelpeinado.fadingactionbar:fadingactionbar:3.1.2:6:65
	android:allowBackup
		ADDED from AndroidManifest.xml:57:9
	android:icon
		ADDED from AndroidManifest.xml:59:9
	android:theme
		ADDED from AndroidManifest.xml:61:9
	android:name
		ADDED from AndroidManifest.xml:56:9
meta-data#AA_DB_NAME
ADDED from AndroidManifest.xml:62:9
	android:value
		ADDED from AndroidManifest.xml:64:13
	android:name
		ADDED from AndroidManifest.xml:63:13
meta-data#AA_DB_VERSION
ADDED from AndroidManifest.xml:65:9
	android:value
		ADDED from AndroidManifest.xml:67:13
	android:name
		ADDED from AndroidManifest.xml:66:13
meta-data#AA_MODELS
ADDED from AndroidManifest.xml:68:9
	android:value
		ADDED from AndroidManifest.xml:70:13
	android:name
		ADDED from AndroidManifest.xml:69:13
service#com.baidu.location.f
ADDED from AndroidManifest.xml:72:9
	android:enabled
		ADDED from AndroidManifest.xml:74:13
	android:process
		ADDED from AndroidManifest.xml:75:13
	android:name
		ADDED from AndroidManifest.xml:73:13
intent-filter#com.baidu.location.service_v2.2
ADDED from AndroidManifest.xml:76:13
action#com.baidu.location.service_v2.2
ADDED from AndroidManifest.xml:77:17
	android:name
		ADDED from AndroidManifest.xml:77:25
meta-data#com.baidu.lbsapi.API_KEY
ADDED from AndroidManifest.xml:81:9
	android:value
		ADDED from AndroidManifest.xml:83:13
	android:name
		ADDED from AndroidManifest.xml:82:13
activity#cn.mstar.store.activity.WelcomeActivity
ADDED from AndroidManifest.xml:85:9
	android:screenOrientation
		ADDED from AndroidManifest.xml:89:13
	android:label
		ADDED from AndroidManifest.xml:88:13
	android:configChanges
		ADDED from AndroidManifest.xml:87:13
	android:name
		ADDED from AndroidManifest.xml:86:13
intent-filter#android.intent.action.MAIN+android.intent.category.LAUNCHER
ADDED from AndroidManifest.xml:90:13
action#android.intent.action.MAIN
ADDED from AndroidManifest.xml:91:17
	android:name
		ADDED from AndroidManifest.xml:91:25
category#android.intent.category.LAUNCHER
ADDED from AndroidManifest.xml:93:17
	android:name
		ADDED from AndroidManifest.xml:93:27
activity#cn.mstar.store.activity.MainActivity
ADDED from AndroidManifest.xml:96:9
	android:screenOrientation
		ADDED from AndroidManifest.xml:100:13
	android:launchMode
		ADDED from AndroidManifest.xml:99:13
	android:configChanges
		ADDED from AndroidManifest.xml:98:13
	android:name
		ADDED from AndroidManifest.xml:97:13
activity#cn.mstar.store.activity.GuideActivity
ADDED from AndroidManifest.xml:101:9
	android:screenOrientation
		ADDED from AndroidManifest.xml:104:13
	android:configChanges
		ADDED from AndroidManifest.xml:103:13
	android:name
		ADDED from AndroidManifest.xml:102:13
activity#cn.mstar.store.activity.ProductListActivity
ADDED from AndroidManifest.xml:105:9
	android:screenOrientation
		ADDED from AndroidManifest.xml:108:13
	android:configChanges
		ADDED from AndroidManifest.xml:107:13
	android:name
		ADDED from AndroidManifest.xml:106:13
activity#cn.mstar.store.activity.ClassifyActivity
ADDED from AndroidManifest.xml:109:9
	android:screenOrientation
		ADDED from AndroidManifest.xml:112:13
	android:configChanges
		ADDED from AndroidManifest.xml:111:13
	android:name
		ADDED from AndroidManifest.xml:110:13
activity#cn.mstar.store.activity.ProductDetailsActivity
ADDED from AndroidManifest.xml:113:9
	android:screenOrientation
		ADDED from AndroidManifest.xml:116:13
	android:configChanges
		ADDED from AndroidManifest.xml:115:13
	android:name
		ADDED from AndroidManifest.xml:114:13
activity#cn.mstar.store.activity.SearchActivity
ADDED from AndroidManifest.xml:117:9
	android:screenOrientation
		ADDED from AndroidManifest.xml:120:13
	android:configChanges
		ADDED from AndroidManifest.xml:119:13
	android:name
		ADDED from AndroidManifest.xml:118:13
activity#cn.mstar.store.activity.NearStoreActivity
ADDED from AndroidManifest.xml:121:9
	android:screenOrientation
		ADDED from AndroidManifest.xml:124:13
	android:configChanges
		ADDED from AndroidManifest.xml:123:13
	android:name
		ADDED from AndroidManifest.xml:122:13
activity#cn.mstar.store.activity.ScanCodeActivity
ADDED from AndroidManifest.xml:125:9
	android:screenOrientation
		ADDED from AndroidManifest.xml:128:13
	android:configChanges
		ADDED from AndroidManifest.xml:127:13
	android:name
		ADDED from AndroidManifest.xml:126:13
activity#cn.mstar.store.activity.NavigationActivity
ADDED from AndroidManifest.xml:129:9
	android:screenOrientation
		ADDED from AndroidManifest.xml:132:13
	android:configChanges
		ADDED from AndroidManifest.xml:131:13
	android:name
		ADDED from AndroidManifest.xml:130:13
activity#cn.mstar.store.activity.ImageBrowserActivity
ADDED from AndroidManifest.xml:133:9
	android:screenOrientation
		ADDED from AndroidManifest.xml:136:13
	android:configChanges
		ADDED from AndroidManifest.xml:135:13
	android:name
		ADDED from AndroidManifest.xml:134:13
activity#cn.mstar.store.activity.SelectCommodityActivity
ADDED from AndroidManifest.xml:137:9
	android:screenOrientation
		ADDED from AndroidManifest.xml:140:13
	android:configChanges
		ADDED from AndroidManifest.xml:139:13
	android:name
		ADDED from AndroidManifest.xml:138:13
activity#cn.mstar.store.activity.ConfirmIndentActivity
ADDED from AndroidManifest.xml:141:9
	android:screenOrientation
		ADDED from AndroidManifest.xml:144:13
	android:configChanges
		ADDED from AndroidManifest.xml:143:13
	android:name
		ADDED from AndroidManifest.xml:142:13
activity#cn.mstar.store.activity.ShippingAddressActivity
ADDED from AndroidManifest.xml:146:9
	android:screenOrientation
		ADDED from AndroidManifest.xml:149:13
	android:configChanges
		ADDED from AndroidManifest.xml:148:13
	android:name
		ADDED from AndroidManifest.xml:147:13
activity#cn.mstar.store.activity.ManageReceiverAddressActivity
ADDED from AndroidManifest.xml:150:9
	android:screenOrientation
		ADDED from AndroidManifest.xml:153:13
	android:configChanges
		ADDED from AndroidManifest.xml:152:13
	android:name
		ADDED from AndroidManifest.xml:151:13
activity#cn.mstar.store.activity.CreateReceiverAddressActivity
ADDED from AndroidManifest.xml:156:9
	android:screenOrientation
		ADDED from AndroidManifest.xml:159:13
	android:configChanges
		ADDED from AndroidManifest.xml:158:13
	android:name
		ADDED from AndroidManifest.xml:157:13
activity#cn.mstar.store.activity.SelectProvinceActivity
ADDED from AndroidManifest.xml:160:9
	android:screenOrientation
		ADDED from AndroidManifest.xml:163:13
	android:configChanges
		ADDED from AndroidManifest.xml:162:13
	android:name
		ADDED from AndroidManifest.xml:161:13
activity#cn.mstar.store.activity.SelectCityActivity
ADDED from AndroidManifest.xml:164:9
	android:screenOrientation
		ADDED from AndroidManifest.xml:167:13
	android:configChanges
		ADDED from AndroidManifest.xml:166:13
	android:name
		ADDED from AndroidManifest.xml:165:13
activity#cn.mstar.store.activity.SelectCountyActivity
ADDED from AndroidManifest.xml:168:9
	android:screenOrientation
		ADDED from AndroidManifest.xml:171:13
	android:configChanges
		ADDED from AndroidManifest.xml:170:13
	android:name
		ADDED from AndroidManifest.xml:169:13
activity#cn.mstar.store.activity.IndentDetailsActivity
ADDED from AndroidManifest.xml:172:9
	android:screenOrientation
		ADDED from AndroidManifest.xml:175:13
	android:configChanges
		ADDED from AndroidManifest.xml:174:13
	android:name
		ADDED from AndroidManifest.xml:173:13
activity#cn.mstar.store.activity.ChangePasswordActivity
ADDED from AndroidManifest.xml:176:9
	android:screenOrientation
		ADDED from AndroidManifest.xml:179:13
	android:configChanges
		ADDED from AndroidManifest.xml:178:13
	android:name
		ADDED from AndroidManifest.xml:177:13
activity#cn.mstar.store.activity.ForgetPasswordActivity
ADDED from AndroidManifest.xml:180:9
	android:screenOrientation
		ADDED from AndroidManifest.xml:183:13
	android:configChanges
		ADDED from AndroidManifest.xml:182:13
	android:name
		ADDED from AndroidManifest.xml:181:13
activity#cn.mstar.store.activity.LogisticsDetialsActivity
ADDED from AndroidManifest.xml:184:9
	android:screenOrientation
		ADDED from AndroidManifest.xml:187:13
	android:configChanges
		ADDED from AndroidManifest.xml:186:13
	android:name
		ADDED from AndroidManifest.xml:185:13
activity#cn.mstar.store.activity.MockActivity
ADDED from AndroidManifest.xml:188:9
	android:screenOrientation
		ADDED from AndroidManifest.xml:191:13
	android:configChanges
		ADDED from AndroidManifest.xml:190:13
	android:name
		ADDED from AndroidManifest.xml:189:13
activity#cn.mstar.store.activity.GoodsManagementActivity
ADDED from AndroidManifest.xml:192:9
	android:screenOrientation
		ADDED from AndroidManifest.xml:196:13
	android:label
		ADDED from AndroidManifest.xml:195:13
	android:configChanges
		ADDED from AndroidManifest.xml:194:13
	android:name
		ADDED from AndroidManifest.xml:193:13
meta-data#android.support.PARENT_ACTIVITY
ADDED from AndroidManifest.xml:197:13
	android:value
		ADDED from AndroidManifest.xml:199:17
	android:name
		ADDED from AndroidManifest.xml:198:17
activity#cn.mstar.store.activity.LoginActivity
ADDED from AndroidManifest.xml:201:9
	android:screenOrientation
		ADDED from AndroidManifest.xml:205:13
	android:label
		ADDED from AndroidManifest.xml:204:13
	android:configChanges
		ADDED from AndroidManifest.xml:203:13
	android:name
		ADDED from AndroidManifest.xml:202:13
activity#cn.mstar.store.activity.RegisterActivity
ADDED from AndroidManifest.xml:206:9
	android:screenOrientation
		ADDED from AndroidManifest.xml:211:13
	android:label
		ADDED from AndroidManifest.xml:209:13
	android:launchMode
		ADDED from AndroidManifest.xml:210:13
	android:configChanges
		ADDED from AndroidManifest.xml:208:13
	android:name
		ADDED from AndroidManifest.xml:207:13
activity#cn.mstar.store.activity.SelfInformationActivity
ADDED from AndroidManifest.xml:212:9
	android:screenOrientation
		ADDED from AndroidManifest.xml:216:13
	android:label
		ADDED from AndroidManifest.xml:215:13
	android:configChanges
		ADDED from AndroidManifest.xml:214:13
	android:name
		ADDED from AndroidManifest.xml:213:13
receiver#cn.mstar.store.receiver.SmsBroadcastReceiver
ADDED from AndroidManifest.xml:218:9
	android:singleUser
		ADDED from AndroidManifest.xml:221:13
	android:exported
		ADDED from AndroidManifest.xml:220:13
	android:name
		ADDED from AndroidManifest.xml:219:13
intent-filter#android.provider.Telephony.SMS_RECEIVED
ADDED from AndroidManifest.xml:222:13
	android:priority
		ADDED from AndroidManifest.xml:222:28
action#android.provider.Telephony.SMS_RECEIVED
ADDED from AndroidManifest.xml:223:17
	android:name
		ADDED from AndroidManifest.xml:223:25
activity#cn.mstar.store.activity.MyFavoriteManagmentActivity
ADDED from AndroidManifest.xml:227:9
	android:screenOrientation
		ADDED from AndroidManifest.xml:232:13
	android:label
		ADDED from AndroidManifest.xml:230:13
	android:parentActivityName
		ADDED from AndroidManifest.xml:231:13
	android:configChanges
		ADDED from AndroidManifest.xml:229:13
	android:name
		ADDED from AndroidManifest.xml:228:13
activity#cn.mstar.store.activity.ReductionActivity
ADDED from AndroidManifest.xml:247:9
	android:screenOrientation
		ADDED from AndroidManifest.xml:252:13
	android:label
		ADDED from AndroidManifest.xml:250:13
	android:parentActivityName
		ADDED from AndroidManifest.xml:251:13
	android:configChanges
		ADDED from AndroidManifest.xml:249:13
	android:name
		ADDED from AndroidManifest.xml:248:13
activity#cn.mstar.store.activity.ExchangePointActivity
ADDED from AndroidManifest.xml:257:9
	android:screenOrientation
		ADDED from AndroidManifest.xml:262:13
	android:label
		ADDED from AndroidManifest.xml:260:13
	android:parentActivityName
		ADDED from AndroidManifest.xml:261:13
	android:configChanges
		ADDED from AndroidManifest.xml:259:13
	android:name
		ADDED from AndroidManifest.xml:258:13
activity#cn.mstar.store.activity.RequestGoodsReturnActivity
ADDED from AndroidManifest.xml:267:9
	android:screenOrientation
		ADDED from AndroidManifest.xml:270:13
	android:configChanges
		ADDED from AndroidManifest.xml:269:13
	android:name
		ADDED from AndroidManifest.xml:268:13
activity#cn.mstar.store.activity.UploadActivity
ADDED from AndroidManifest.xml:275:9
	android:screenOrientation
		ADDED from AndroidManifest.xml:279:13
	android:label
		ADDED from AndroidManifest.xml:278:13
	android:configChanges
		ADDED from AndroidManifest.xml:277:13
	android:name
		ADDED from AndroidManifest.xml:276:13
activity#cn.mstar.store.activity.ReturnGoodsProgressActivity
ADDED from AndroidManifest.xml:284:9
	android:screenOrientation
		ADDED from AndroidManifest.xml:288:13
	android:label
		ADDED from AndroidManifest.xml:287:13
	android:configChanges
		ADDED from AndroidManifest.xml:286:13
	android:name
		ADDED from AndroidManifest.xml:285:13
activity#cn.mstar.store.activity.PostCommentActivity
ADDED from AndroidManifest.xml:293:9
	android:screenOrientation
		ADDED from AndroidManifest.xml:297:13
	android:label
		ADDED from AndroidManifest.xml:296:13
	android:configChanges
		ADDED from AndroidManifest.xml:295:13
	android:name
		ADDED from AndroidManifest.xml:294:13
activity#cn.mstar.store.activity.PayingTransactionSuccessActivity
ADDED from AndroidManifest.xml:307:9
	android:screenOrientation
		ADDED from AndroidManifest.xml:311:13
	android:label
		ADDED from AndroidManifest.xml:310:13
	android:configChanges
		ADDED from AndroidManifest.xml:309:13
	android:name
		ADDED from AndroidManifest.xml:308:13
activity#cn.mstar.store.activity.AboutUsActivity
ADDED from AndroidManifest.xml:312:9
	android:screenOrientation
		ADDED from AndroidManifest.xml:316:13
	android:label
		ADDED from AndroidManifest.xml:315:13
	android:configChanges
		ADDED from AndroidManifest.xml:314:13
	android:name
		ADDED from AndroidManifest.xml:313:13
activity#cn.mstar.store.activity.MyCollectionActivity
ADDED from AndroidManifest.xml:317:9
	android:screenOrientation
		ADDED from AndroidManifest.xml:321:13
	android:label
		ADDED from AndroidManifest.xml:320:13
	android:configChanges
		ADDED from AndroidManifest.xml:319:13
	android:name
		ADDED from AndroidManifest.xml:318:13
activity#cn.mstar.store.activity.LogisticsActivity
ADDED from AndroidManifest.xml:322:9
	android:screenOrientation
		ADDED from AndroidManifest.xml:326:13
	android:label
		ADDED from AndroidManifest.xml:325:13
	android:configChanges
		ADDED from AndroidManifest.xml:324:13
	android:name
		ADDED from AndroidManifest.xml:323:13
activity#cn.mstar.store.activity.ScanHistoryActivity
ADDED from AndroidManifest.xml:327:9
	android:screenOrientation
		ADDED from AndroidManifest.xml:331:13
	android:label
		ADDED from AndroidManifest.xml:330:13
	android:configChanges
		ADDED from AndroidManifest.xml:329:13
	android:name
		ADDED from AndroidManifest.xml:328:13
activity#cn.mstar.store.activity.CompanyProfile
ADDED from AndroidManifest.xml:332:9
	android:screenOrientation
		ADDED from AndroidManifest.xml:336:13
	android:label
		ADDED from AndroidManifest.xml:335:13
	android:configChanges
		ADDED from AndroidManifest.xml:334:13
	android:name
		ADDED from AndroidManifest.xml:333:13
activity#cn.mstar.store.activity.MessageActivity
ADDED from AndroidManifest.xml:337:9
	android:screenOrientation
		ADDED from AndroidManifest.xml:341:13
	android:label
		ADDED from AndroidManifest.xml:340:13
	android:configChanges
		ADDED from AndroidManifest.xml:339:13
	android:name
		ADDED from AndroidManifest.xml:338:13
activity#cn.mstar.store.activity.PreferenceActivity_wcl
ADDED from AndroidManifest.xml:342:9
	android:screenOrientation
		ADDED from AndroidManifest.xml:346:13
	android:label
		ADDED from AndroidManifest.xml:345:13
	android:configChanges
		ADDED from AndroidManifest.xml:344:13
	android:name
		ADDED from AndroidManifest.xml:343:13
activity#cn.mstar.store.activity.PreferenceContentActivity
ADDED from AndroidManifest.xml:347:9
	android:screenOrientation
		ADDED from AndroidManifest.xml:351:13
	android:label
		ADDED from AndroidManifest.xml:350:13
	android:configChanges
		ADDED from AndroidManifest.xml:349:13
	android:name
		ADDED from AndroidManifest.xml:348:13
activity#cn.mstar.store.activity.CouponActivity
ADDED from AndroidManifest.xml:352:9
	android:screenOrientation
		ADDED from AndroidManifest.xml:356:13
	android:label
		ADDED from AndroidManifest.xml:355:13
	android:configChanges
		ADDED from AndroidManifest.xml:354:13
	android:name
		ADDED from AndroidManifest.xml:353:13
activity#cn.mstar.store.activity.ClassifyStoreShopActivity
ADDED from AndroidManifest.xml:357:9
	android:screenOrientation
		ADDED from AndroidManifest.xml:361:13
	android:label
		ADDED from AndroidManifest.xml:360:13
	android:configChanges
		ADDED from AndroidManifest.xml:359:13
	android:name
		ADDED from AndroidManifest.xml:358:13
activity#cn.mstar.store.activity.StoreDetailsActivity
ADDED from AndroidManifest.xml:362:9
	android:screenOrientation
		ADDED from AndroidManifest.xml:367:13
	android:label
		ADDED from AndroidManifest.xml:365:13
	android:launchMode
		ADDED from AndroidManifest.xml:366:13
	android:configChanges
		ADDED from AndroidManifest.xml:364:13
	android:name
		ADDED from AndroidManifest.xml:363:13
activity#cn.mstar.store.activity.StoreShopActivity
ADDED from AndroidManifest.xml:368:9
	android:screenOrientation
		ADDED from AndroidManifest.xml:372:13
	android:label
		ADDED from AndroidManifest.xml:371:13
	android:configChanges
		ADDED from AndroidManifest.xml:370:13
	android:name
		ADDED from AndroidManifest.xml:369:13
activity#cn.mstar.store.activity.ShopDetailsActvity
ADDED from AndroidManifest.xml:374:9
	android:screenOrientation
		ADDED from AndroidManifest.xml:378:13
	android:label
		ADDED from AndroidManifest.xml:377:13
	android:configChanges
		ADDED from AndroidManifest.xml:376:13
	android:name
		ADDED from AndroidManifest.xml:375:13
activity#cn.mstar.store.activity.PayActivity
ADDED from AndroidManifest.xml:380:9
	android:screenOrientation
		ADDED from AndroidManifest.xml:384:13
	android:label
		ADDED from AndroidManifest.xml:383:13
	android:configChanges
		ADDED from AndroidManifest.xml:382:13
	android:name
		ADDED from AndroidManifest.xml:381:13
intent-filter#android.intent.action.VIEW+android.intent.category.DEFAULT
ADDED from AndroidManifest.xml:386:13
action#android.intent.action.VIEW
ADDED from AndroidManifest.xml:387:17
	android:name
		ADDED from AndroidManifest.xml:387:25
category#android.intent.category.DEFAULT
ADDED from AndroidManifest.xml:388:17
	android:name
		ADDED from AndroidManifest.xml:388:27
data
ADDED from AndroidManifest.xml:389:17
	android:scheme
		ADDED from AndroidManifest.xml:389:23
activity#cn.mstar.store.activity.PhotoActivity
ADDED from AndroidManifest.xml:393:9
	android:screenOrientation
		ADDED from AndroidManifest.xml:397:13
	android:label
		ADDED from AndroidManifest.xml:396:13
	android:configChanges
		ADDED from AndroidManifest.xml:395:13
	android:name
		ADDED from AndroidManifest.xml:394:13
activity#cn.mstar.store.activity.SelectCouponActivity
ADDED from AndroidManifest.xml:399:9
	android:screenOrientation
		ADDED from AndroidManifest.xml:403:13
	android:label
		ADDED from AndroidManifest.xml:402:13
	android:configChanges
		ADDED from AndroidManifest.xml:401:13
	android:name
		ADDED from AndroidManifest.xml:400:13
activity#cn.mstar.store.activity.CommentListActivity
ADDED from AndroidManifest.xml:405:9
	android:screenOrientation
		ADDED from AndroidManifest.xml:409:13
	android:label
		ADDED from AndroidManifest.xml:408:13
	android:configChanges
		ADDED from AndroidManifest.xml:407:13
	android:name
		ADDED from AndroidManifest.xml:406:13
activity#com.alipay.sdk.app.H5PayActivity
ADDED from AndroidManifest.xml:410:9
	android:screenOrientation
		ADDED from AndroidManifest.xml:414:13
	android:exported
		ADDED from AndroidManifest.xml:413:13
	android:windowSoftInputMode
		ADDED from AndroidManifest.xml:415:13
	android:configChanges
		ADDED from AndroidManifest.xml:412:13
	android:name
		ADDED from AndroidManifest.xml:411:13
activity#cn.mstar.store.activity.PopularizeActivity
ADDED from AndroidManifest.xml:416:9
	android:screenOrientation
		ADDED from AndroidManifest.xml:420:13
	android:label
		ADDED from AndroidManifest.xml:419:13
	android:configChanges
		ADDED from AndroidManifest.xml:418:13
	android:name
		ADDED from AndroidManifest.xml:417:13
activity#cn.mstar.store.activity.ShareQcodeActivity
ADDED from AndroidManifest.xml:423:9
	android:screenOrientation
		ADDED from AndroidManifest.xml:427:13
	android:label
		ADDED from AndroidManifest.xml:426:13
	android:configChanges
		ADDED from AndroidManifest.xml:425:13
	android:name
		ADDED from AndroidManifest.xml:424:13
activity#cn.mstar.store.activity.ApplyForWithdrawActivity
ADDED from AndroidManifest.xml:429:9
	android:screenOrientation
		ADDED from AndroidManifest.xml:433:13
	android:label
		ADDED from AndroidManifest.xml:432:13
	android:configChanges
		ADDED from AndroidManifest.xml:431:13
	android:name
		ADDED from AndroidManifest.xml:430:13
activity#cn.mstar.store.activity.MyCommissionActivity
ADDED from AndroidManifest.xml:435:9
	android:screenOrientation
		ADDED from AndroidManifest.xml:439:13
	android:label
		ADDED from AndroidManifest.xml:438:13
	android:configChanges
		ADDED from AndroidManifest.xml:437:13
	android:name
		ADDED from AndroidManifest.xml:436:13
activity#cn.mstar.store.activity.AddBankAccountActivity
ADDED from AndroidManifest.xml:441:9
	android:screenOrientation
		ADDED from AndroidManifest.xml:445:13
	android:label
		ADDED from AndroidManifest.xml:444:13
	android:configChanges
		ADDED from AndroidManifest.xml:443:13
	android:name
		ADDED from AndroidManifest.xml:442:13
activity#cn.mstar.store.activity.AddAlipayAccountActivity
ADDED from AndroidManifest.xml:447:9
	android:screenOrientation
		ADDED from AndroidManifest.xml:451:13
	android:label
		ADDED from AndroidManifest.xml:450:13
	android:configChanges
		ADDED from AndroidManifest.xml:449:13
	android:name
		ADDED from AndroidManifest.xml:448:13
activity#cn.mstar.store.activity.GetInShopActivity
ADDED from AndroidManifest.xml:453:9
	android:screenOrientation
		ADDED from AndroidManifest.xml:457:13
	android:label
		ADDED from AndroidManifest.xml:456:13
	android:configChanges
		ADDED from AndroidManifest.xml:455:13
	android:name
		ADDED from AndroidManifest.xml:454:13
meta-data#UMENG_APPKEY
ADDED from AndroidManifest.xml:460:9
	android:value
		ADDED from AndroidManifest.xml:462:13
	android:name
		ADDED from AndroidManifest.xml:461:13
meta-data#UMENG_CHANNEL
ADDED from AndroidManifest.xml:463:9
	android:value
		ADDED from AndroidManifest.xml:465:13
	android:name
		ADDED from AndroidManifest.xml:464:13